ite   chaos  time hom(avg,lo,hi) m-ie m-ex i-ex fmv   E/V  dd    cls   olap avg
 1     0.01  0.01 1.00/1.00/1.00 1.00 1.00 1.00  95   200  1       1      0 0.0
 2     0.01  0.02 1.00/1.00/1.00 1.00 1.00 1.00 100   200  1       1      0 0.0
 3     0.02  0.02 0.99/0.99/0.99 1.00 1.00 1.00  99   200  1       1      0 0.0
 4     0.04  0.02 0.98/0.98/0.98 1.00 1.00 1.00  99   200  1       1      0 0.0
 5     0.07  0.02 0.96/0.96/0.96 1.00 1.00 1.00  99   200  1       1      0 0.0
 6     0.11  0.02 0.94/0.94/0.94 1.00 1.00 1.00 100   200  1       1      0 0.0
 7     0.17  0.02 0.92/0.92/0.92 1.00 1.00 1.00 100   200  1       1      0 0.0
 8     0.24  0.02 0.88/0.88/0.88 1.00 0.94 0.94  98   189  1       1      0 0.0
 9     0.34  0.01 0.86/0.86/0.86 1.00 0.94 0.88  99   177  1       1      0 0.0
10     0.54  0.01 0.84/0.84/0.84 1.00 0.92 0.81  98   162  1       1      0 0.0
11     0.93  0.01 0.73/0.73/0.73 1.00 0.88 0.71  99   142  1       1      0 0.0
12     1.67  0.01 0.50/0.50/0.50 1.00 0.85 0.60  99   121  1       1      0 0.0
13     3.04  0.01 0.42/0.42/0.42 1.00 0.88 0.53  96   106  1       1      0 0.0
14     4.51  0.01 0.51/0.51/0.51 1.00 0.84 0.44 100    89  1       1      0 0.0
15     2.57  0.01 0.59/0.59/0.59 1.00 0.36 0.16 100    32  1       1      0 0.0
16     1.99  0.00 0.58/0.58/0.58 1.00 0.50 0.08 100    16  1       1      0 0.0
17     1.33  0.00 0.58/0.58/0.58 1.00 0.50 0.04 100     8  1       1      0 0.0
18     0.87  0.00 0.69/0.69/0.69 1.00 0.75 0.03 100     6  1       1      0 0.0
19     0.13  0.00 0.91/0.91/0.91 1.00 0.50 0.01  99     3  1       1      0 0.0
20     0.00  0.00 1.00/1.00/1.00 1.00 0.67 0.01   0     2  1       1      0 0.0
21     0.00  0.00 1.00/1.00/1.00 1.00 0.50 0.00   0     1  1       1      0 0.0
[mcl] jury pruning marks: <100,100,100>, out of 100
[mcl] jury pruning synopsis: <100.0 or really really really good> (cf -scheme, -do log)
[mcl] output is in out.2kR_Euclidean_Normalised_MCLin.tsv.I20
[mcl] 1 clusters found
[mcl] output is in out.2kR_Euclidean_Normalised_MCLin.tsv.I20
