mcl 2kR_Euclidean_Normalised_MCLin.tsv --abc -o 2kR_Euclidean_Normalised_MCLin.mclout -v all --show-log=y -te 8 || 2kR_Euclidean_Normalised_MCLin.log
.................................................. 1M
.................................................. 2M

[mcl] new tab created
[mcl] pid 24969
 ite   chaos  time hom(avg,lo,hi) m-ie m-ex i-ex fmv   E/V  dd    cls   olap avg
  1     0.00 49.69 0.70/0.70/0.87 1.00 0.70 0.70  99  1400  2       1      0 0.0
  2     0.00  7.30 1.00/1.00/1.00 1.00 1.00 0.70  99  1400  1       1      0 0.0
  3     0.00  4.61 1.00/1.00/1.00 1.00 1.00 0.70  99  1400  1       1      0 0.0
  4     0.00  4.64 1.00/1.00/1.00 1.00 1.00 0.70  99  1399  1       1      0 0.0
  5     0.01  4.63 1.00/1.00/1.00 1.00 1.00 0.70  99  1398  1       1      0 0.0
  6     0.01  4.96 1.00/1.00/1.00 1.00 1.00 0.70  99  1396  1       1      0 0.0
  7     0.03  4.60 1.00/1.00/1.00 1.00 1.00 0.70  99  1396  1       1      0 0.0
  8     0.06  4.64 1.00/1.00/1.00 1.00 1.00 0.70  99  1396  1       1      0 0.0
  9     0.11  4.63 0.99/0.99/0.99 1.00 1.00 0.70  99  1396  1       1      0 0.0
 10     0.23  4.65 0.96/0.96/0.96 1.00 1.00 0.70  99  1396  1       1      0 0.0
 11     0.46  4.61 0.89/0.89/0.89 1.00 1.00 0.70  98  1396  1       1      0 0.0
 12     0.77  4.59 0.72/0.72/0.72 1.00 0.79 0.55  99  1100  1       1      0 0.0
 13     1.92  2.93 0.59/0.59/0.59 1.00 1.00 0.55 100  1100  1       1      0 0.0
 14     5.10  2.94 0.34/0.34/0.34 1.00 0.89 0.49 100   978  1       1      0 0.0
 15    12.46  2.31 0.20/0.20/0.20 1.00 0.64 0.31 100   623  1       1      0 0.0
 16    19.66  1.03 0.13/0.13/0.13 1.00 0.38 0.12  99   236  1       1      0 0.0
 17    16.01  0.16 0.38/0.38/0.38 1.00 0.35 0.04  99    83  1       1      0 0.0
 18     3.27  0.03 0.68/0.68/0.68 1.00 0.27 0.01  95    22  1       1      0 0.0
 19     0.10  0.01 0.93/0.93/0.93 1.00 0.14 0.00  88     3  1       1      0 0.0
 20     0.00  0.00 1.00/1.00/1.00 1.00 1.00 0.00   0     3  1       1      0 0.0
 21     0.00  0.00 1.00/1.00/1.00 1.00 0.33 0.00   0     1  1       1      0 0.0
[mcl] jury pruning marks: <70,99,100>, out of 100
[mcl] jury pruning synopsis: <81.0 or cracking> (cf -scheme, -do log)
[mcl] output is in 2kR_Euclidean_Normalised_MCLin.mclout
[mcl] 1 clusters found
[mcl] output is in 2kR_Euclidean_Normalised_MCLin.mclout
